F:\项目\ALGORITHM\ALGORITHM\SORT\DEBUG\INSERTSORT.OBJ
F:\项目\ALGORITHM\ALGORITHM\SORT\DEBUG\VC110.PDB
F:\项目\ALGORITHM\ALGORITHM\DEBUG\SORT.ILK
F:\项目\ALGORITHM\ALGORITHM\DEBUG\SORT.EXE
F:\项目\ALGORITHM\ALGORITHM\DEBUG\SORT.PDB
F:\项目\Algorithm\Algorithm\Sort\Debug\InsertSort.obj
F:\项目\Algorithm\Algorithm\Sort\Debug\cl.command.1.tlog
F:\项目\Algorithm\Algorithm\Sort\Debug\CL.read.1.tlog
F:\项目\Algorithm\Algorithm\Sort\Debug\CL.write.1.tlog
F:\项目\Algorithm\Algorithm\Sort\Debug\link-cvtres.read.1.tlog
F:\项目\Algorithm\Algorithm\Sort\Debug\link-cvtres.write.1.tlog
F:\项目\Algorithm\Algorithm\Sort\Debug\link-rc.read.1.tlog
F:\项目\Algorithm\Algorithm\Sort\Debug\link-rc.write.1.tlog
F:\项目\Algorithm\Algorithm\Sort\Debug\link.7704-cvtres.read.1.tlog
F:\项目\Algorithm\Algorithm\Sort\Debug\link.7704-cvtres.write.1.tlog
F:\项目\Algorithm\Algorithm\Sort\Debug\link.7704-rc.read.1.tlog
F:\项目\Algorithm\Algorithm\Sort\Debug\link.7704-rc.write.1.tlog
F:\项目\Algorithm\Algorithm\Sort\Debug\link.7704.read.1.tlog
F:\项目\Algorithm\Algorithm\Sort\Debug\link.7704.write.1.tlog
F:\项目\Algorithm\Algorithm\Sort\Debug\link.command.1.tlog
F:\项目\Algorithm\Algorithm\Sort\Debug\link.read.1.tlog
F:\项目\Algorithm\Algorithm\Sort\Debug\link.write.1.tlog
F:\项目\Algorithm\Algorithm\Sort\Debug\vc110.idb
F:\项目\Algorithm\Algorithm\Sort\Debug\vc110.pdb
F:\项目\Algorithm\Algorithm\Debug\Sort.pdb
F:\项目\Algorithm\Algorithm\Debug\Sort.exe
F:\项目\Algorithm\Algorithm\Debug\Sort.ilk
