Build started 2013/8/20 21:55:55.
     1>Project "F:\项目\Algorithm\Algorithm\DSAA\DSAA.vcxproj" on node 2 (Build target(s)).
     1>ClCompile:
         D:\Program Files\Microsoft Visual Studio 11.0\VC\bin\CL.exe /c /ZI /nologo /W3 /WX- /Od /Oy- /D WIN32 /D _DEBUG /D _CONSOLE /D _UNICODE /D UNICODE /Gm /EHsc /RTC1 /MDd /GS /fp:precise /Zc:wchar_t /Zc:forScope /Fo"Debug\\" /Fd"Debug\vc110.pdb" /Gd /TP /analyze- /errorReport:prompt Source.cpp
         Source.cpp
     1>f:\项目\algorithm\algorithm\dsaa\source.cpp(137): warning C4996: 'scanf': This function or variable may be unsafe. Consider using scanf_s instead. To disable deprecation, use _CRT_SECURE_NO_WARNINGS. See online help for details.
                 d:\program files\microsoft visual studio 11.0\vc\include\stdio.h(290) : see declaration of 'scanf'
       Link:
         D:\Program Files\Microsoft Visual Studio 11.0\VC\bin\link.exe /ERRORREPORT:PROMPT /OUT:"F:\项目\Algorithm\Algorithm\Debug\DSAA.exe" /INCREMENTAL /NOLOGO kernel32.lib user32.lib gdi32.lib winspool.lib comdlg32.lib advapi32.lib shell32.lib ole32.lib oleaut32.lib uuid.lib odbc32.lib odbccp32.lib /MANIFEST /MANIFESTUAC:"level='asInvoker' uiAccess='false'" /manifest:embed /DEBUG /PDB:"F:\项目\Algorithm\Algorithm\Debug\DSAA.pdb" /SUBSYSTEM:CONSOLE /TLBID:1 /DYNAMICBASE /NXCOMPAT /IMPLIB:"F:\项目\Algorithm\Algorithm\Debug\DSAA.lib" /MACHINE:X86 Debug\AVLTree.obj
         Debug\BinHeap.obj
         Debug\BiThrTree.obj
         Debug\BiTree.obj
         Debug\BSTree.obj
         Debug\HashQuad.obj
         Debug\HashSep.obj
         Debug\List.obj
         Debug\List_C.obj
         Debug\Queue_A.obj
         Debug\Queue_L.obj
         Debug\Source.obj
         Debug\Stack_A.obj
         Debug\Stack_L.obj
         Debug\Tree.obj
         DSAA.vcxproj -> F:\项目\Algorithm\Algorithm\Debug\DSAA.exe
     1>Done Building Project "F:\项目\Algorithm\Algorithm\DSAA\DSAA.vcxproj" (Build target(s)).

Build succeeded.

Time Elapsed 00:00:01.71
