F:\项目\ALGORITHM\ALGORITHM\ADVANCEDDATASTRUCTURE\DEBUG\SOURCE.OBJ
F:\项目\ALGORITHM\ALGORITHM\ADVANCEDDATASTRUCTURE\DEBUG\VC110.PDB
F:\项目\ALGORITHM\ALGORITHM\DEBUG\ADVANCEDDATASTRUCTURE.ILK
F:\项目\ALGORITHM\ALGORITHM\DEBUG\ADVANCEDDATASTRUCTURE.EXE
F:\项目\ALGORITHM\ALGORITHM\DEBUG\ADVANCEDDATASTRUCTURE.PDB
F:\项目\Algorithm\Algorithm\AdvancedDataStructure\Debug\Source.obj
F:\项目\Algorithm\Algorithm\AdvancedDataStructure\Debug\cl.command.1.tlog
F:\项目\Algorithm\Algorithm\AdvancedDataStructure\Debug\CL.read.1.tlog
F:\项目\Algorithm\Algorithm\AdvancedDataStructure\Debug\CL.write.1.tlog
F:\项目\Algorithm\Algorithm\AdvancedDataStructure\Debug\link-cvtres.read.1.tlog
F:\项目\Algorithm\Algorithm\AdvancedDataStructure\Debug\link-cvtres.write.1.tlog
F:\项目\Algorithm\Algorithm\AdvancedDataStructure\Debug\link-rc.read.1.tlog
F:\项目\Algorithm\Algorithm\AdvancedDataStructure\Debug\link-rc.write.1.tlog
F:\项目\Algorithm\Algorithm\AdvancedDataStructure\Debug\link.8588-cvtres.read.1.tlog
F:\项目\Algorithm\Algorithm\AdvancedDataStructure\Debug\link.8588-cvtres.write.1.tlog
F:\项目\Algorithm\Algorithm\AdvancedDataStructure\Debug\link.8588-rc.read.1.tlog
F:\项目\Algorithm\Algorithm\AdvancedDataStructure\Debug\link.8588-rc.write.1.tlog
F:\项目\Algorithm\Algorithm\AdvancedDataStructure\Debug\link.8588.read.1.tlog
F:\项目\Algorithm\Algorithm\AdvancedDataStructure\Debug\link.8588.write.1.tlog
F:\项目\Algorithm\Algorithm\AdvancedDataStructure\Debug\link.command.1.tlog
F:\项目\Algorithm\Algorithm\AdvancedDataStructure\Debug\link.read.1.tlog
F:\项目\Algorithm\Algorithm\AdvancedDataStructure\Debug\link.write.1.tlog
F:\项目\Algorithm\Algorithm\AdvancedDataStructure\Debug\vc110.idb
F:\项目\Algorithm\Algorithm\AdvancedDataStructure\Debug\vc110.pdb
F:\项目\Algorithm\Algorithm\Debug\AdvancedDataStructure.pdb
F:\项目\Algorithm\Algorithm\Debug\AdvancedDataStructure.exe
F:\项目\Algorithm\Algorithm\Debug\AdvancedDataStructure.ilk
