F:\项目\ALGORITHM\ALGORITHM\DATASTRUCTURE\DEBUG\DS.OBJ
F:\项目\ALGORITHM\ALGORITHM\DATASTRUCTURE\DEBUG\VC110.PDB
F:\项目\ALGORITHM\ALGORITHM\DEBUG\DATASTRUCTURE.ILK
F:\项目\ALGORITHM\ALGORITHM\DEBUG\DATASTRUCTURE.EXE
F:\项目\ALGORITHM\ALGORITHM\DEBUG\DATASTRUCTURE.PDB
F:\项目\Algorithm\Algorithm\DataStructure\Debug\DS.obj
F:\项目\Algorithm\Algorithm\DataStructure\Debug\cl.command.1.tlog
F:\项目\Algorithm\Algorithm\DataStructure\Debug\CL.read.1.tlog
F:\项目\Algorithm\Algorithm\DataStructure\Debug\CL.write.1.tlog
F:\项目\Algorithm\Algorithm\DataStructure\Debug\link-cvtres.read.1.tlog
F:\项目\Algorithm\Algorithm\DataStructure\Debug\link-cvtres.write.1.tlog
F:\项目\Algorithm\Algorithm\DataStructure\Debug\link-rc.read.1.tlog
F:\项目\Algorithm\Algorithm\DataStructure\Debug\link-rc.write.1.tlog
F:\项目\Algorithm\Algorithm\DataStructure\Debug\link.command.1.tlog
F:\项目\Algorithm\Algorithm\DataStructure\Debug\link.read.1.tlog
F:\项目\Algorithm\Algorithm\DataStructure\Debug\link.write.1.tlog
F:\项目\Algorithm\Algorithm\DataStructure\Debug\vc110.idb
F:\项目\Algorithm\Algorithm\DataStructure\Debug\vc110.pdb
F:\项目\Algorithm\Algorithm\Debug\DataStructure.pdb
F:\项目\Algorithm\Algorithm\Debug\DataStructure.exe
F:\项目\Algorithm\Algorithm\Debug\DataStructure.ilk
