F:\项目\ALGORITHM\ALGORITHM\GRAPH\DEBUG\SOURCE.OBJ
F:\项目\ALGORITHM\ALGORITHM\GRAPH\DEBUG\VC110.PDB
F:\项目\ALGORITHM\ALGORITHM\DEBUG\GRAPH.ILK
F:\项目\ALGORITHM\ALGORITHM\DEBUG\GRAPH.EXE
F:\项目\ALGORITHM\ALGORITHM\DEBUG\GRAPH.PDB
F:\项目\Algorithm\Algorithm\Graph\Debug\Graph.vcxprojResolveAssemblyReference.cache
F:\项目\Algorithm\Algorithm\Graph\Debug\Source.obj
F:\项目\Algorithm\Algorithm\Graph\Debug\cl.command.1.tlog
F:\项目\Algorithm\Algorithm\Graph\Debug\CL.read.1.tlog
F:\项目\Algorithm\Algorithm\Graph\Debug\CL.write.1.tlog
F:\项目\Algorithm\Algorithm\Graph\Debug\link-cvtres.read.1.tlog
F:\项目\Algorithm\Algorithm\Graph\Debug\link-cvtres.write.1.tlog
F:\项目\Algorithm\Algorithm\Graph\Debug\link-rc.read.1.tlog
F:\项目\Algorithm\Algorithm\Graph\Debug\link-rc.write.1.tlog
F:\项目\Algorithm\Algorithm\Graph\Debug\link.command.1.tlog
F:\项目\Algorithm\Algorithm\Graph\Debug\link.read.1.tlog
F:\项目\Algorithm\Algorithm\Graph\Debug\link.write.1.tlog
F:\项目\Algorithm\Algorithm\Graph\Debug\vc110.idb
F:\项目\Algorithm\Algorithm\Graph\Debug\vc110.pdb
F:\项目\Algorithm\Algorithm\Debug\Graph.pdb
F:\项目\Algorithm\Algorithm\Debug\Graph.exe
F:\项目\Algorithm\Algorithm\Debug\Graph.ilk
