F:\项目\ALGORITHM\ALGORITHM\DYNAMICPROGRAMMING\DEBUG\SOURCE.OBJ
F:\项目\ALGORITHM\ALGORITHM\DYNAMICPROGRAMMING\DEBUG\VC110.PDB
F:\项目\ALGORITHM\ALGORITHM\DEBUG\DYNAMICPROGRAMMING.ILK
F:\项目\ALGORITHM\ALGORITHM\DEBUG\DYNAMICPROGRAMMING.EXE
F:\项目\ALGORITHM\ALGORITHM\DEBUG\DYNAMICPROGRAMMING.PDB
F:\项目\Algorithm\Algorithm\DynamicProgramming\Debug\Source.obj
F:\项目\Algorithm\Algorithm\DynamicProgramming\Debug\cl.command.1.tlog
F:\项目\Algorithm\Algorithm\DynamicProgramming\Debug\CL.read.1.tlog
F:\项目\Algorithm\Algorithm\DynamicProgramming\Debug\CL.write.1.tlog
F:\项目\Algorithm\Algorithm\DynamicProgramming\Debug\link-cvtres.read.1.tlog
F:\项目\Algorithm\Algorithm\DynamicProgramming\Debug\link-cvtres.write.1.tlog
F:\项目\Algorithm\Algorithm\DynamicProgramming\Debug\link-rc.read.1.tlog
F:\项目\Algorithm\Algorithm\DynamicProgramming\Debug\link-rc.write.1.tlog
F:\项目\Algorithm\Algorithm\DynamicProgramming\Debug\link.command.1.tlog
F:\项目\Algorithm\Algorithm\DynamicProgramming\Debug\link.read.1.tlog
F:\项目\Algorithm\Algorithm\DynamicProgramming\Debug\link.write.1.tlog
F:\项目\Algorithm\Algorithm\DynamicProgramming\Debug\vc110.idb
F:\项目\Algorithm\Algorithm\DynamicProgramming\Debug\vc110.pdb
F:\项目\Algorithm\Algorithm\Debug\DynamicProgramming.pdb
F:\项目\Algorithm\Algorithm\Debug\DynamicProgramming.exe
F:\项目\Algorithm\Algorithm\Debug\DynamicProgramming.ilk
