F:\项目\ALGORITHM\ALGORITHM\DAILY\DEBUG\OOTPUT.OBJ
F:\项目\ALGORITHM\ALGORITHM\DAILY\DEBUG\VC110.PDB
F:\项目\ALGORITHM\ALGORITHM\DEBUG\DAILY.ILK
F:\项目\ALGORITHM\ALGORITHM\DEBUG\DAILY.EXE
F:\项目\ALGORITHM\ALGORITHM\DEBUG\DAILY.PDB
F:\项目\Algorithm\Algorithm\Daily\Debug\OotPut.obj
F:\项目\Algorithm\Algorithm\Daily\Debug\cl.command.1.tlog
F:\项目\Algorithm\Algorithm\Daily\Debug\CL.read.1.tlog
F:\项目\Algorithm\Algorithm\Daily\Debug\CL.write.1.tlog
F:\项目\Algorithm\Algorithm\Daily\Debug\link-cvtres.read.1.tlog
F:\项目\Algorithm\Algorithm\Daily\Debug\link-cvtres.write.1.tlog
F:\项目\Algorithm\Algorithm\Daily\Debug\link-rc.read.1.tlog
F:\项目\Algorithm\Algorithm\Daily\Debug\link-rc.write.1.tlog
F:\项目\Algorithm\Algorithm\Daily\Debug\link.command.1.tlog
F:\项目\Algorithm\Algorithm\Daily\Debug\link.read.1.tlog
F:\项目\Algorithm\Algorithm\Daily\Debug\link.write.1.tlog
F:\项目\Algorithm\Algorithm\Daily\Debug\vc110.idb
F:\项目\Algorithm\Algorithm\Daily\Debug\vc110.pdb
F:\项目\Algorithm\Algorithm\Debug\Daily.pdb
F:\项目\Algorithm\Algorithm\Debug\Daily.exe
F:\项目\Algorithm\Algorithm\Debug\Daily.ilk
